Pizzader/app/build/intermediates/manifest_merge_blame_file/debug/manifest-merger-blame-debug-report.txt
1<?xml version="1.0" encoding="utf-8"?>
2<manifest xmlns:android="http://schemas.android.com/apk/res/android"
3    package="com.example.pizzader"
4    android:versionCode="1"
5    android:versionName="1.0" >
6
7    <uses-sdk
8        android:minSdkVersion="22"
8-->src/main/AndroidManifest.xml
9        android:targetSdkVersion="31" />
9-->src/main/AndroidManifest.xml
10
11    <application
11-->src/main/AndroidManifest.xml:5:5-28:19
12        android:allowBackup="true"
12-->src/main/AndroidManifest.xml:6:9-35
13        android:appComponentFactory="androidx.core.app.CoreComponentFactory"
13-->[androidx.core:core:1.7.0] AndroidManifest.xml:24:18-86
14        android:debuggable="true"
15        android:icon="@mipmap/ic_launcher"
15-->src/main/AndroidManifest.xml:7:9-43
16        android:label="@string/app_name"
16-->src/main/AndroidManifest.xml:8:9-41
17        android:roundIcon="@mipmap/ic_launcher_round"
17-->src/main/AndroidManifest.xml:9:9-54
18        android:supportsRtl="true"
18-->src/main/AndroidManifest.xml:10:9-35
19        android:testOnly="true"
20        android:theme="@style/Theme.Pizzader" >
20-->src/main/AndroidManifest.xml:11:9-46
21        <activity
21-->src/main/AndroidManifest.xml:12:9-15:58
22            android:name="com.example.pizzader.OrderActivity"
22-->src/main/AndroidManifest.xml:13:13-42
23            android:exported="true"
23-->src/main/AndroidManifest.xml:14:13-36
24            android:parentActivityName="com.example.pizzader.PizzaFlavours" />
24-->src/main/AndroidManifest.xml:15:13-56
25        <activity
25-->src/main/AndroidManifest.xml:16:9-18:39
26            android:name="com.example.pizzader.PizzaFlavours"
26-->src/main/AndroidManifest.xml:17:13-42
27            android:exported="true" />
27-->src/main/AndroidManifest.xml:18:13-36
28        <activity
28-->src/main/AndroidManifest.xml:19:9-27:20
29            android:name="com.example.pizzader.MainActivity"
29-->src/main/AndroidManifest.xml:20:13-41
30            android:exported="true" >
30-->src/main/AndroidManifest.xml:21:13-36
31            <intent-filter>
31-->src/main/AndroidManifest.xml:22:13-26:29
32                <action android:name="android.intent.action.MAIN" />
32-->src/main/AndroidManifest.xml:23:17-69
32-->src/main/AndroidManifest.xml:23:25-66
33
34                <category android:name="android.intent.category.LAUNCHER" />
34-->src/main/AndroidManifest.xml:25:17-77
34-->src/main/AndroidManifest.xml:25:27-74
35            </intent-filter>
36        </activity>
37    </application>
38
39</manifest>